[NbConvertApp] Converting notebook emotion-detection-bert.ipynb to notebook
[NbConvertApp] Executing notebook with kernel: python3
Traceback (most recent call last):
  File "/raid/home/dgx1442/finalYearProject/venv/bin/jupyter-nbconvert", line 8, in <module>
    sys.exit(main())
  File "/raid/home/dgx1442/finalYearProject/venv/lib/python3.6/site-packages/jupyter_core/application.py", line 264, in launch_instance
    return super(JupyterApp, cls).launch_instance(argv=argv, **kwargs)
  File "/raid/home/dgx1442/finalYearProject/venv/lib/python3.6/site-packages/traitlets/config/application.py", line 664, in launch_instance
    app.start()
  File "/raid/home/dgx1442/finalYearProject/venv/lib/python3.6/site-packages/nbconvert/nbconvertapp.py", line 350, in start
    self.convert_notebooks()
  File "/raid/home/dgx1442/finalYearProject/venv/lib/python3.6/site-packages/nbconvert/nbconvertapp.py", line 524, in convert_notebooks
    self.convert_single_notebook(notebook_filename)
  File "/raid/home/dgx1442/finalYearProject/venv/lib/python3.6/site-packages/nbconvert/nbconvertapp.py", line 489, in convert_single_notebook
    output, resources = self.export_single_notebook(notebook_filename, resources, input_buffer=input_buffer)
  File "/raid/home/dgx1442/finalYearProject/venv/lib/python3.6/site-packages/nbconvert/nbconvertapp.py", line 418, in export_single_notebook
    output, resources = self.exporter.from_filename(notebook_filename, resources=resources)
  File "/raid/home/dgx1442/finalYearProject/venv/lib/python3.6/site-packages/nbconvert/exporters/exporter.py", line 181, in from_filename
    return self.from_file(f, resources=resources, **kw)
  File "/raid/home/dgx1442/finalYearProject/venv/lib/python3.6/site-packages/nbconvert/exporters/exporter.py", line 199, in from_file
    return self.from_notebook_node(nbformat.read(file_stream, as_version=4), resources=resources, **kw)
  File "/raid/home/dgx1442/finalYearProject/venv/lib/python3.6/site-packages/nbconvert/exporters/notebook.py", line 32, in from_notebook_node
    nb_copy, resources = super().from_notebook_node(nb, resources, **kw)
  File "/raid/home/dgx1442/finalYearProject/venv/lib/python3.6/site-packages/nbconvert/exporters/exporter.py", line 143, in from_notebook_node
    nb_copy, resources = self._preprocess(nb_copy, resources)
  File "/raid/home/dgx1442/finalYearProject/venv/lib/python3.6/site-packages/nbconvert/exporters/exporter.py", line 318, in _preprocess
    nbc, resc = preprocessor(nbc, resc)
  File "/raid/home/dgx1442/finalYearProject/venv/lib/python3.6/site-packages/nbconvert/preprocessors/base.py", line 47, in __call__
    return self.preprocess(nb, resources)
  File "/raid/home/dgx1442/finalYearProject/venv/lib/python3.6/site-packages/nbconvert/preprocessors/execute.py", line 79, in preprocess
    self.execute()
  File "/raid/home/dgx1442/finalYearProject/venv/lib/python3.6/site-packages/nbclient/util.py", line 84, in wrapped
    return just_run(coro(*args, **kwargs))
  File "/raid/home/dgx1442/finalYearProject/venv/lib/python3.6/site-packages/nbclient/util.py", line 62, in just_run
    return loop.run_until_complete(coro)
  File "/usr/lib/python3.6/asyncio/base_events.py", line 484, in run_until_complete
    return future.result()
  File "/raid/home/dgx1442/finalYearProject/venv/lib/python3.6/site-packages/nbclient/client.py", line 560, in async_execute
    cell, index, execution_count=self.code_cells_executed + 1
  File "/raid/home/dgx1442/finalYearProject/venv/lib/python3.6/site-packages/nbconvert/preprocessors/execute.py", line 123, in async_execute_cell
    cell, resources = self.preprocess_cell(cell, self.resources, cell_index)
  File "/raid/home/dgx1442/finalYearProject/venv/lib/python3.6/site-packages/nbconvert/preprocessors/execute.py", line 146, in preprocess_cell
    cell = run_sync(NotebookClient.async_execute_cell)(self, cell, index, store_history=self.store_history)
  File "/raid/home/dgx1442/finalYearProject/venv/lib/python3.6/site-packages/nbclient/util.py", line 84, in wrapped
    return just_run(coro(*args, **kwargs))
  File "/raid/home/dgx1442/finalYearProject/venv/lib/python3.6/site-packages/nbclient/util.py", line 62, in just_run
    return loop.run_until_complete(coro)
  File "/raid/home/dgx1442/finalYearProject/venv/lib/python3.6/site-packages/nest_asyncio.py", line 99, in run_until_complete
    return f.result()
  File "/usr/lib/python3.6/asyncio/tasks.py", line 180, in _step
    result = coro.send(None)
  File "/raid/home/dgx1442/finalYearProject/venv/lib/python3.6/site-packages/nbclient/client.py", line 854, in async_execute_cell
    self._check_raise_for_error(cell, exec_reply)
  File "/raid/home/dgx1442/finalYearProject/venv/lib/python3.6/site-packages/nbclient/client.py", line 756, in _check_raise_for_error
    raise CellExecutionError.from_cell_and_msg(cell, exec_reply_content)
nbclient.exceptions.CellExecutionError: An error occurred while executing the following cell:
------------------
import pandas as pd
import numpy as np
import seaborn as sns
import matplotlib.pyplot as plt
from tqdm import tqdm

import torch
import torch.nn as nn
from torch.utils.data import Dataset, DataLoader
from transformers import BertTokenizer, BertModel


from sklearn.preprocessing import LabelEncoder
from sklearn.model_selection import train_test_split
------------------

[0;31m---------------------------------------------------------------------------[0m
[0;31mModuleNotFoundError[0m                       Traceback (most recent call last)
[0;32m<ipython-input-1-3c6cfb88ce5a>[0m in [0;36m<module>[0;34m[0m
[1;32m      3[0m [0;32mimport[0m [0mseaborn[0m [0;32mas[0m [0msns[0m[0;34m[0m[0;34m[0m[0m
[1;32m      4[0m [0;32mimport[0m [0mmatplotlib[0m[0;34m.[0m[0mpyplot[0m [0;32mas[0m [0mplt[0m[0;34m[0m[0;34m[0m[0m
[0;32m----> 5[0;31m [0;32mfrom[0m [0mtqdm[0m [0;32mimport[0m [0mtqdm[0m[0;34m[0m[0;34m[0m[0m
[0m[1;32m      6[0m [0;34m[0m[0m
[1;32m      7[0m [0;32mimport[0m [0mtorch[0m[0;34m[0m[0;34m[0m[0m

[0;31mModuleNotFoundError[0m: No module named 'tqdm'
ModuleNotFoundError: No module named 'tqdm'

[NbConvertApp] Converting notebook demo.ipynb to notebook
[NbConvertApp] Executing notebook with kernel: python3
[NbConvertApp] Writing 2775 bytes to demo.nbconvert.ipynb
[NbConvertApp] Converting notebook demo1.ipynb to notebook
[NbConvertApp] Executing notebook with kernel: python3
[NbConvertApp] Writing 1720 bytes to demo1.nbconvert.ipynb
[NbConvertApp] Converting notebook demo1.ipynb to notebook
[NbConvertApp] Executing notebook with kernel: python3
[NbConvertApp] Writing 1720 bytes to demo1.ipynb
[NbConvertApp] Converting notebook demo1.ipynb to notebook
[NbConvertApp] Executing notebook with kernel: python3
[NbConvertApp] Writing 18341 bytes to demo1.ipynb
[NbConvertApp] Converting notebook demo2.ipynb to notebook
[NbConvertApp] Executing notebook with kernel: python3
[NbConvertApp] Writing 2447 bytes to demo2.ipynb
[NbConvertApp] Converting notebook demo2.ipynb to notebook
[NbConvertApp] Executing notebook with kernel: python3
[NbConvertApp] Writing 2745 bytes to demo2.ipynb
[NbConvertApp] Converting notebook 05_04.ipynb to notebook
[NbConvertApp] Executing notebook with kernel: python3
Traceback (most recent call last):
  File "/raid/home/dgx1442/finalYearProject/venv/bin/jupyter-nbconvert", line 8, in <module>
    sys.exit(main())
  File "/raid/home/dgx1442/finalYearProject/venv/lib/python3.6/site-packages/jupyter_core/application.py", line 264, in launch_instance
    return super(JupyterApp, cls).launch_instance(argv=argv, **kwargs)
  File "/raid/home/dgx1442/finalYearProject/venv/lib/python3.6/site-packages/traitlets/config/application.py", line 664, in launch_instance
    app.start()
  File "/raid/home/dgx1442/finalYearProject/venv/lib/python3.6/site-packages/nbconvert/nbconvertapp.py", line 350, in start
    self.convert_notebooks()
  File "/raid/home/dgx1442/finalYearProject/venv/lib/python3.6/site-packages/nbconvert/nbconvertapp.py", line 524, in convert_notebooks
    self.convert_single_notebook(notebook_filename)
  File "/raid/home/dgx1442/finalYearProject/venv/lib/python3.6/site-packages/nbconvert/nbconvertapp.py", line 489, in convert_single_notebook
    output, resources = self.export_single_notebook(notebook_filename, resources, input_buffer=input_buffer)
  File "/raid/home/dgx1442/finalYearProject/venv/lib/python3.6/site-packages/nbconvert/nbconvertapp.py", line 418, in export_single_notebook
    output, resources = self.exporter.from_filename(notebook_filename, resources=resources)
  File "/raid/home/dgx1442/finalYearProject/venv/lib/python3.6/site-packages/nbconvert/exporters/exporter.py", line 181, in from_filename
    return self.from_file(f, resources=resources, **kw)
  File "/raid/home/dgx1442/finalYearProject/venv/lib/python3.6/site-packages/nbconvert/exporters/exporter.py", line 199, in from_file
    return self.from_notebook_node(nbformat.read(file_stream, as_version=4), resources=resources, **kw)
  File "/raid/home/dgx1442/finalYearProject/venv/lib/python3.6/site-packages/nbconvert/exporters/notebook.py", line 32, in from_notebook_node
    nb_copy, resources = super().from_notebook_node(nb, resources, **kw)
  File "/raid/home/dgx1442/finalYearProject/venv/lib/python3.6/site-packages/nbconvert/exporters/exporter.py", line 143, in from_notebook_node
    nb_copy, resources = self._preprocess(nb_copy, resources)
  File "/raid/home/dgx1442/finalYearProject/venv/lib/python3.6/site-packages/nbconvert/exporters/exporter.py", line 318, in _preprocess
    nbc, resc = preprocessor(nbc, resc)
  File "/raid/home/dgx1442/finalYearProject/venv/lib/python3.6/site-packages/nbconvert/preprocessors/base.py", line 47, in __call__
    return self.preprocess(nb, resources)
  File "/raid/home/dgx1442/finalYearProject/venv/lib/python3.6/site-packages/nbconvert/preprocessors/execute.py", line 79, in preprocess
    self.execute()
  File "/raid/home/dgx1442/finalYearProject/venv/lib/python3.6/site-packages/nbclient/util.py", line 84, in wrapped
    return just_run(coro(*args, **kwargs))
  File "/raid/home/dgx1442/finalYearProject/venv/lib/python3.6/site-packages/nbclient/util.py", line 62, in just_run
    return loop.run_until_complete(coro)
  File "/usr/lib/python3.6/asyncio/base_events.py", line 484, in run_until_complete
    return future.result()
  File "/raid/home/dgx1442/finalYearProject/venv/lib/python3.6/site-packages/nbclient/client.py", line 560, in async_execute
    cell, index, execution_count=self.code_cells_executed + 1
  File "/raid/home/dgx1442/finalYearProject/venv/lib/python3.6/site-packages/nbconvert/preprocessors/execute.py", line 123, in async_execute_cell
    cell, resources = self.preprocess_cell(cell, self.resources, cell_index)
  File "/raid/home/dgx1442/finalYearProject/venv/lib/python3.6/site-packages/nbconvert/preprocessors/execute.py", line 146, in preprocess_cell
    cell = run_sync(NotebookClient.async_execute_cell)(self, cell, index, store_history=self.store_history)
  File "/raid/home/dgx1442/finalYearProject/venv/lib/python3.6/site-packages/nbclient/util.py", line 84, in wrapped
    return just_run(coro(*args, **kwargs))
  File "/raid/home/dgx1442/finalYearProject/venv/lib/python3.6/site-packages/nbclient/util.py", line 62, in just_run
    return loop.run_until_complete(coro)
  File "/raid/home/dgx1442/finalYearProject/venv/lib/python3.6/site-packages/nest_asyncio.py", line 99, in run_until_complete
    return f.result()
  File "/usr/lib/python3.6/asyncio/tasks.py", line 180, in _step
    result = coro.send(None)
  File "/raid/home/dgx1442/finalYearProject/venv/lib/python3.6/site-packages/nbclient/client.py", line 854, in async_execute_cell
    self._check_raise_for_error(cell, exec_reply)
  File "/raid/home/dgx1442/finalYearProject/venv/lib/python3.6/site-packages/nbclient/client.py", line 756, in _check_raise_for_error
    raise CellExecutionError.from_cell_and_msg(cell, exec_reply_content)
nbclient.exceptions.CellExecutionError: An error occurred while executing the following cell:
------------------
# Import necessary libraries
import numpy as np
import pandas as pd
import seaborn as sns
from pylab import rcParams
import matplotlib.pyplot as plt
from matplotlib import rc
from sklearn.model_selection import train_test_split
from sklearn.metrics import confusion_matrix, classification_report
from collections import defaultdict
from textwrap import wrap

# Torch ML libraries
import transformers
from transformers import BertModel, BertTokenizer, AdamW, get_linear_schedule_with_warmup
import torch
from torch import nn, optim
from torch.utils.data import Dataset, DataLoader

# Misc.
import warnings
warnings.filterwarnings('ignore')
------------------

[0;31m---------------------------------------------------------------------------[0m
[0;31mImportError[0m                               Traceback (most recent call last)
[0;32m<ipython-input-1-e9bf2b1e3483>[0m in [0;36m<module>[0;34m[0m
[1;32m      1[0m [0;31m# Import necessary libraries[0m[0;34m[0m[0;34m[0m[0;34m[0m[0m
[1;32m      2[0m [0;32mimport[0m [0mnumpy[0m [0;32mas[0m [0mnp[0m[0;34m[0m[0;34m[0m[0m
[0;32m----> 3[0;31m [0;32mimport[0m [0mpandas[0m [0;32mas[0m [0mpd[0m[0;34m[0m[0;34m[0m[0m
[0m[1;32m      4[0m [0;32mimport[0m [0mseaborn[0m [0;32mas[0m [0msns[0m[0;34m[0m[0;34m[0m[0m
[1;32m      5[0m [0;32mfrom[0m [0mpylab[0m [0;32mimport[0m [0mrcParams[0m[0;34m[0m[0;34m[0m[0m

[0;32m~/finalYearProject/venv/lib/python3.6/site-packages/pandas/__init__.py[0m in [0;36m<module>[0;34m[0m
[1;32m     20[0m [0;34m[0m[0m
[1;32m     21[0m [0;31m# numpy compat[0m[0;34m[0m[0;34m[0m[0;34m[0m[0m
[0;32m---> 22[0;31m from pandas.compat.numpy import (
[0m[1;32m     23[0m     [0m_np_version_under1p16[0m[0;34m,[0m[0;34m[0m[0;34m[0m[0m
[1;32m     24[0m     [0m_np_version_under1p17[0m[0;34m,[0m[0;34m[0m[0;34m[0m[0m

[0;32m~/finalYearProject/venv/lib/python3.6/site-packages/pandas/compat/numpy/__init__.py[0m in [0;36m<module>[0;34m[0m
[1;32m     19[0m [0;32mif[0m [0m_nlv[0m [0;34m<[0m [0;34m"1.15.4"[0m[0;34m:[0m[0;34m[0m[0;34m[0m[0m
[1;32m     20[0m     raise ImportError(
[0;32m---> 21[0;31m         [0;34m"this version of pandas is incompatible with numpy < 1.15.4\n"[0m[0;34m[0m[0;34m[0m[0m
[0m[1;32m     22[0m         [0;34mf"your numpy version is {_np_version}.\n"[0m[0;34m[0m[0;34m[0m[0m
[1;32m     23[0m         [0;34m"Please upgrade numpy to >= 1.15.4 to use this pandas version"[0m[0;34m[0m[0;34m[0m[0m

[0;31mImportError[0m: this version of pandas is incompatible with numpy < 1.15.4
your numpy version is 1.15.3.
Please upgrade numpy to >= 1.15.4 to use this pandas version
ImportError: this version of pandas is incompatible with numpy < 1.15.4
your numpy version is 1.15.3.
Please upgrade numpy to >= 1.15.4 to use this pandas version

